# JRE version: OpenJDK Runtime Environment Temurin-21.0.6+7 (21.0.6+7) (build 21.0.6+7-LTS)
# Java VM: OpenJDK 64-Bit Server VM Temurin-21.0.6+7 (21.0.6+7-LTS, mixed mode, sharing, tiered, compressed oops, compressed class ptrs, parallel gc, windows-amd64)
GC Precious Log:
 CardTable entry size: 512
 CPUs: 16 total, 16 available
 Memory: 7501M
 Large Page Support: Disabled
 NUMA Support: Disabled
 Compressed Oops: Enabled (32-bit)
 Alignments: Space 512K, Generation 512K, Heap 2M
 Heap Min Capacity: 100M
 Heap Initial Capacity: 100M
 Heap Max Capacity: 1G
 Pre-touch: Disabled
 Parallel Workers: 13
Heap:
 PSYoungGen      total 12288K, used 9185K [0x00000000eab00000, 0x00000000eb900000, 0x0000000100000000)
  eden space 9216K, 84% used [0x00000000eab00000,0x00000000eb2907d0,0x00000000eb400000)
  from space 3072K, 46% used [0x00000000eb400000,0x00000000eb568000,0x00000000eb700000)
  to   space 2048K, 0% used [0x00000000eb700000,0x00000000eb700000,0x00000000eb900000)
 ParOldGen       total 338944K, used 304768K [0x00000000c0000000, 0x00000000d4b00000, 0x00000000eab00000)
  object space 338944K, 89% used [0x00000000c0000000,0x00000000d29a03d0,0x00000000d4b00000)
 Metaspace       used 60821K, committed 62272K, reserved 1114112K
  class space    used 6056K, committed 6720K, reserved 1048576K
GC Heap History (20 events):
Event: 17.343 GC heap before
{Heap before GC invocations=410 (full 3):
 PSYoungGen      total 6144K, used 5837K [0x00000000eab00000, 0x00000000eb300000, 0x0000000100000000)
  eden space 4096K, 98% used [0x00000000eab00000,0x00000000eaef1810,0x00000000eaf00000)
  from space 2048K, 87% used [0x00000000eb100000,0x00000000eb2c1d08,0x00000000eb300000)
  to   space 2048K, 0% used [0x00000000eaf00000,0x00000000eaf00000,0x00000000eb100000)
 ParOldGen       total 314368K, used 313875K [0x00000000c0000000, 0x00000000d3300000, 0x00000000eab00000)
  object space 314368K, 99% used [0x00000000c0000000,0x00000000d3284d38,0x00000000d3300000)
 Metaspace       used 60666K, committed 62144K, reserved 1114112K
  class space    used 6053K, committed 6720K, reserved 1048576K
}
Event: 17.346 GC heap after
{Heap after GC invocations=410 (full 3):
 PSYoungGen      total 6144K, used 1637K [0x00000000eab00000, 0x00000000eb400000, 0x0000000100000000)
  eden space 4096K, 0% used [0x00000000eab00000,0x00000000eab00000,0x00000000eaf00000)
  from space 2048K, 79% used [0x00000000eaf00000,0x00000000eb099760,0x00000000eb100000)
  to   space 2048K, 0% used [0x00000000eb200000,0x00000000eb200000,0x00000000eb400000)
 ParOldGen       total 315904K, used 315476K [0x00000000c0000000, 0x00000000d3480000, 0x00000000eab00000)
  object space 315904K, 99% used [0x00000000c0000000,0x00000000d3415040,0x00000000d3480000)
 Metaspace       used 60666K, committed 62144K, reserved 1114112K
  class space    used 6053K, committed 6720K, reserved 1048576K
}
Event: 17.353 GC heap before
{Heap before GC invocations=411 (full 3):
 PSYoungGen      total 6144K, used 5733K [0x00000000eab00000, 0x00000000eb400000, 0x0000000100000000)
  eden space 4096K, 100% used [0x00000000eab00000,0x00000000eaf00000,0x00000000eaf00000)
  from space 2048K, 79% used [0x00000000eaf00000,0x00000000eb099760,0x00000000eb100000)
  to   space 2048K, 0% used [0x00000000eb200000,0x00000000eb200000,0x00000000eb400000)
 ParOldGen       total 315904K, used 315476K [0x00000000c0000000, 0x00000000d3480000, 0x00000000eab00000)
  object space 315904K, 99% used [0x00000000c0000000,0x00000000d3415040,0x00000000d3480000)
 Metaspace       used 60666K, committed 62144K, reserved 1114112K
  class space    used 6053K, committed 6720K, reserved 1048576K
}
Event: 17.356 GC heap after
{Heap after GC invocations=411 (full 3):
 PSYoungGen      total 7168K, used 1788K [0x00000000eab00000, 0x00000000eb400000, 0x0000000100000000)
  eden space 5120K, 0% used [0x00000000eab00000,0x00000000eab00000,0x00000000eb000000)
  from space 2048K, 87% used [0x00000000eb200000,0x00000000eb3bf3a8,0x00000000eb400000)
  to   space 2048K, 0% used [0x00000000eb000000,0x00000000eb000000,0x00000000eb200000)
 ParOldGen       total 317440K, used 316991K [0x00000000c0000000, 0x00000000d3600000, 0x00000000eab00000)
  object space 317440K, 99% used [0x00000000c0000000,0x00000000d358fc50,0x00000000d3600000)
 Metaspace       used 60666K, committed 62144K, reserved 1114112K
  class space    used 6053K, committed 6720K, reserved 1048576K
}
Event: 17.363 GC heap before
{Heap before GC invocations=412 (full 3):
 PSYoungGen      total 7168K, used 6908K [0x00000000eab00000, 0x00000000eb400000, 0x0000000100000000)
  eden space 5120K, 100% used [0x00000000eab00000,0x00000000eb000000,0x00000000eb000000)
  from space 2048K, 87% used [0x00000000eb200000,0x00000000eb3bf3a8,0x00000000eb400000)
  to   space 2048K, 0% used [0x00000000eb000000,0x00000000eb000000,0x00000000eb200000)
 ParOldGen       total 317440K, used 316991K [0x00000000c0000000, 0x00000000d3600000, 0x00000000eab00000)
  object space 317440K, 99% used [0x00000000c0000000,0x00000000d358fc50,0x00000000d3600000)
 Metaspace       used 60670K, committed 62144K, reserved 1114112K
  class space    used 6053K, committed 6720K, reserved 1048576K
}
Event: 17.366 GC heap after
{Heap after GC invocations=412 (full 3):
 PSYoungGen      total 7168K, used 2012K [0x00000000eab00000, 0x00000000eb600000, 0x0000000100000000)
  eden space 5120K, 0% used [0x00000000eab00000,0x00000000eab00000,0x00000000eb000000)
  from space 2048K, 98% used [0x00000000eb000000,0x00000000eb1f7200,0x00000000eb200000)
  to   space 2560K, 0% used [0x00000000eb380000,0x00000000eb380000,0x00000000eb600000)
 ParOldGen       total 318976K, used 318535K [0x00000000c0000000, 0x00000000d3780000, 0x00000000eab00000)
  object space 318976K, 99% used [0x00000000c0000000,0x00000000d3711cb0,0x00000000d3780000)
 Metaspace       used 60670K, committed 62144K, reserved 1114112K
  class space    used 6053K, committed 6720K, reserved 1048576K
}
Event: 17.378 GC heap before
{Heap before GC invocations=413 (full 3):
 PSYoungGen      total 7168K, used 7132K [0x00000000eab00000, 0x00000000eb600000, 0x0000000100000000)
  eden space 5120K, 100% used [0x00000000eab00000,0x00000000eb000000,0x00000000eb000000)
  from space 2048K, 98% used [0x00000000eb000000,0x00000000eb1f7200,0x00000000eb200000)
  to   space 2560K, 0% used [0x00000000eb380000,0x00000000eb380000,0x00000000eb600000)
 ParOldGen       total 318976K, used 318535K [0x00000000c0000000, 0x00000000d3780000, 0x00000000eab00000)
  object space 318976K, 99% used [0x00000000c0000000,0x00000000d3711cb0,0x00000000d3780000)
 Metaspace       used 60672K, committed 62144K, reserved 1114112K
  class space    used 6054K, committed 6720K, reserved 1048576K
}
Event: 17.382 GC heap after
{Heap after GC invocations=413 (full 3):
 PSYoungGen      total 8704K, used 2194K [0x00000000eab00000, 0x00000000eb600000, 0x0000000100000000)
  eden space 6144K, 0% used [0x00000000eab00000,0x00000000eab00000,0x00000000eb100000)
  from space 2560K, 85% used [0x00000000eb380000,0x00000000eb5a4a50,0x00000000eb600000)
  to   space 2560K, 0% used [0x00000000eb100000,0x00000000eb100000,0x00000000eb380000)
 ParOldGen       total 320512K, used 320426K [0x00000000c0000000, 0x00000000d3900000, 0x00000000eab00000)
  object space 320512K, 99% used [0x00000000c0000000,0x00000000d38eaa50,0x00000000d3900000)
 Metaspace       used 60672K, committed 62144K, reserved 1114112K
  class space    used 6054K, committed 6720K, reserved 1048576K
}
Event: 17.393 GC heap before
{Heap before GC invocations=414 (full 3):
 PSYoungGen      total 8704K, used 8338K [0x00000000eab00000, 0x00000000eb600000, 0x0000000100000000)
  eden space 6144K, 100% used [0x00000000eab00000,0x00000000eb100000,0x00000000eb100000)
  from space 2560K, 85% used [0x00000000eb380000,0x00000000eb5a4a50,0x00000000eb600000)
  to   space 2560K, 0% used [0x00000000eb100000,0x00000000eb100000,0x00000000eb380000)
 ParOldGen       total 320512K, used 320426K [0x00000000c0000000, 0x00000000d3900000, 0x00000000eab00000)
  object space 320512K, 99% used [0x00000000c0000000,0x00000000d38eaa50,0x00000000d3900000)
 Metaspace       used 60676K, committed 62144K, reserved 1114112K
  class space    used 6054K, committed 6720K, reserved 1048576K
}
Event: 17.397 GC heap after
{Heap after GC invocations=414 (full 3):
 PSYoungGen      total 8704K, used 2514K [0x00000000eab00000, 0x00000000eb880000, 0x0000000100000000)
  eden space 6144K, 0% used [0x00000000eab00000,0x00000000eab00000,0x00000000eb100000)
  from space 2560K, 98% used [0x00000000eb100000,0x00000000eb374bc8,0x00000000eb380000)
  to   space 3072K, 0% used [0x00000000eb580000,0x00000000eb580000,0x00000000eb880000)
 ParOldGen       total 322560K, used 322537K [0x00000000c0000000, 0x00000000d3b00000, 0x00000000eab00000)
  object space 322560K, 99% used [0x00000000c0000000,0x00000000d3afa530,0x00000000d3b00000)
 Metaspace       used 60676K, committed 62144K, reserved 1114112K
  class space    used 6054K, committed 6720K, reserved 1048576K
}
Event: 17.415 GC heap before
{Heap before GC invocations=415 (full 3):
 PSYoungGen      total 8704K, used 8627K [0x00000000eab00000, 0x00000000eb880000, 0x0000000100000000)
  eden space 6144K, 99% used [0x00000000eab00000,0x00000000eb0f8170,0x00000000eb100000)
  from space 2560K, 98% used [0x00000000eb100000,0x00000000eb374bc8,0x00000000eb380000)
  to   space 3072K, 0% used [0x00000000eb580000,0x00000000eb580000,0x00000000eb880000)
 ParOldGen       total 322560K, used 322537K [0x00000000c0000000, 0x00000000d3b00000, 0x00000000eab00000)
  object space 322560K, 99% used [0x00000000c0000000,0x00000000d3afa530,0x00000000d3b00000)
 Metaspace       used 60676K, committed 62144K, reserved 1114112K
  class space    used 6054K, committed 6720K, reserved 1048576K
}
Event: 17.421 GC heap after
{Heap after GC invocations=415 (full 3):
 PSYoungGen      total 10752K, used 2721K [0x00000000eab00000, 0x00000000eb880000, 0x0000000100000000)
  eden space 7680K, 0% used [0x00000000eab00000,0x00000000eab00000,0x00000000eb280000)
  from space 3072K, 88% used [0x00000000eb580000,0x00000000eb828610,0x00000000eb880000)
  to   space 3072K, 0% used [0x00000000eb280000,0x00000000eb280000,0x00000000eb580000)
 ParOldGen       total 325120K, used 324896K [0x00000000c0000000, 0x00000000d3d80000, 0x00000000eab00000)
  object space 325120K, 99% used [0x00000000c0000000,0x00000000d3d48330,0x00000000d3d80000)
 Metaspace       used 60676K, committed 62144K, reserved 1114112K
  class space    used 6054K, committed 6720K, reserved 1048576K
}
Event: 17.496 GC heap before
{Heap before GC invocations=416 (full 3):
 PSYoungGen      total 10752K, used 10401K [0x00000000eab00000, 0x00000000eb880000, 0x0000000100000000)
  eden space 7680K, 100% used [0x00000000eab00000,0x00000000eb280000,0x00000000eb280000)
  from space 3072K, 88% used [0x00000000eb580000,0x00000000eb828610,0x00000000eb880000)
  to   space 3072K, 0% used [0x00000000eb280000,0x00000000eb280000,0x00000000eb580000)
 ParOldGen       total 325120K, used 324896K [0x00000000c0000000, 0x00000000d3d80000, 0x00000000eab00000)
  object space 325120K, 99% used [0x00000000c0000000,0x00000000d3d48330,0x00000000d3d80000)
 Metaspace       used 60680K, committed 62144K, reserved 1114112K
  class space    used 6054K, committed 6720K, reserved 1048576K
}
Event: 17.501 GC heap after
{Heap after GC invocations=416 (full 3):
 PSYoungGen      total 10752K, used 10401K [0x00000000eab00000, 0x00000000eb880000, 0x0000000100000000)
  eden space 7680K, 100% used [0x00000000eab00000,0x00000000eb280000,0x00000000eb280000)
  from space 3072K, 88% used [0x00000000eb580000,0x00000000eb828610,0x00000000eb880000)
  to   space 3072K, 95% used [0x00000000eb280000,0x00000000eb55c470,0x00000000eb580000)
 ParOldGen       total 326656K, used 326371K [0x00000000c0000000, 0x00000000d3f00000, 0x00000000eab00000)
  object space 326656K, 99% used [0x00000000c0000000,0x00000000d3eb8fd8,0x00000000d3f00000)
 Metaspace       used 60680K, committed 62144K, reserved 1114112K
  class space    used 6054K, committed 6720K, reserved 1048576K
}
Event: 17.501 GC heap before
{Heap before GC invocations=417 (full 4):
 PSYoungGen      total 10752K, used 10401K [0x00000000eab00000, 0x00000000eb880000, 0x0000000100000000)
  eden space 7680K, 100% used [0x00000000eab00000,0x00000000eb280000,0x00000000eb280000)
  from space 3072K, 88% used [0x00000000eb580000,0x00000000eb828610,0x00000000eb880000)
  to   space 3072K, 95% used [0x00000000eb280000,0x00000000eb55c470,0x00000000eb580000)
 ParOldGen       total 326656K, used 326371K [0x00000000c0000000, 0x00000000d3f00000, 0x00000000eab00000)
  object space 326656K, 99% used [0x00000000c0000000,0x00000000d3eb8fd8,0x00000000d3f00000)
 Metaspace       used 60680K, committed 62144K, reserved 1114112K
  class space    used 6054K, committed 6720K, reserved 1048576K
}
Event: 17.827 GC heap after
{Heap after GC invocations=417 (full 4):
 PSYoungGen      total 10752K, used 0K [0x00000000eab00000, 0x00000000eba00000, 0x0000000100000000)
  eden space 7680K, 0% used [0x00000000eab00000,0x00000000eab00000,0x00000000eb280000)
  from space 3072K, 0% used [0x00000000eb280000,0x00000000eb280000,0x00000000eb580000)
  to   space 3072K, 0% used [0x00000000eb700000,0x00000000eb700000,0x00000000eba00000)
 ParOldGen       total 338944K, used 301804K [0x00000000c0000000, 0x00000000d4b00000, 0x00000000eab00000)
  object space 338944K, 89% used [0x00000000c0000000,0x00000000d26bb0c0,0x00000000d4b00000)
 Metaspace       used 60680K, committed 62144K, reserved 1114112K
  class space    used 6054K, committed 6720K, reserved 1048576K
}
Event: 18.038 GC heap before
{Heap before GC invocations=418 (full 4):
 PSYoungGen      total 10752K, used 7680K [0x00000000eab00000, 0x00000000eba00000, 0x0000000100000000)
  eden space 7680K, 100% used [0x00000000eab00000,0x00000000eb280000,0x00000000eb280000)
  from space 3072K, 0% used [0x00000000eb280000,0x00000000eb280000,0x00000000eb580000)
  to   space 3072K, 0% used [0x00000000eb700000,0x00000000eb700000,0x00000000eba00000)
 ParOldGen       total 338944K, used 301804K [0x00000000c0000000, 0x00000000d4b00000, 0x00000000eab00000)
  object space 338944K, 89% used [0x00000000c0000000,0x00000000d26bb0c0,0x00000000d4b00000)
 Metaspace       used 60709K, committed 62144K, reserved 1114112K
  class space    used 6054K, committed 6720K, reserved 1048576K
}
Event: 18.043 GC heap after
{Heap after GC invocations=418 (full 4):
 PSYoungGen      total 11776K, used 2756K [0x00000000eab00000, 0x00000000eba00000, 0x0000000100000000)
  eden space 8704K, 0% used [0x00000000eab00000,0x00000000eab00000,0x00000000eb380000)
  from space 3072K, 89% used [0x00000000eb700000,0x00000000eb9b1230,0x00000000eba00000)
  to   space 3072K, 0% used [0x00000000eb400000,0x00000000eb400000,0x00000000eb700000)
 ParOldGen       total 338944K, used 301804K [0x00000000c0000000, 0x00000000d4b00000, 0x00000000eab00000)
  object space 338944K, 89% used [0x00000000c0000000,0x00000000d26bb0c0,0x00000000d4b00000)
 Metaspace       used 60709K, committed 62144K, reserved 1114112K
  class space    used 6054K, committed 6720K, reserved 1048576K
}
Event: 18.179 GC heap before
{Heap before GC invocations=419 (full 4):
 PSYoungGen      total 11776K, used 11460K [0x00000000eab00000, 0x00000000eba00000, 0x0000000100000000)
  eden space 8704K, 100% used [0x00000000eab00000,0x00000000eb380000,0x00000000eb380000)
  from space 3072K, 89% used [0x00000000eb700000,0x00000000eb9b1230,0x00000000eba00000)
  to   space 3072K, 0% used [0x00000000eb400000,0x00000000eb400000,0x00000000eb700000)
 ParOldGen       total 338944K, used 301804K [0x00000000c0000000, 0x00000000d4b00000, 0x00000000eab00000)
  object space 338944K, 89% used [0x00000000c0000000,0x00000000d26bb0c0,0x00000000d4b00000)
 Metaspace       used 60805K, committed 62272K, reserved 1114112K
  class space    used 6056K, committed 6720K, reserved 1048576K
}
Event: 18.184 GC heap after
{Heap after GC invocations=419 (full 4):
 PSYoungGen      total 12288K, used 1440K [0x00000000eab00000, 0x00000000eb900000, 0x0000000100000000)
  eden space 9216K, 0% used [0x00000000eab00000,0x00000000eab00000,0x00000000eb400000)
  from space 3072K, 46% used [0x00000000eb400000,0x00000000eb568000,0x00000000eb700000)
  to   space 2048K, 0% used [0x00000000eb700000,0x00000000eb700000,0x00000000eb900000)
 ParOldGen       total 338944K, used 304768K [0x00000000c0000000, 0x00000000d4b00000, 0x00000000eab00000)
  object space 338944K, 89% used [0x00000000c0000000,0x00000000d29a03d0,0x00000000d4b00000)
 Metaspace       used 60805K, committed 62272K, reserved 1114112K
  class space    used 6056K, committed 6720K, reserved 1048576K
}

