# JRE version: OpenJDK Runtime Environment Temurin-21.0.6+7 (21.0.6+7) (build 21.0.6+7-LTS)
# Java VM: OpenJDK 64-Bit Server VM Temurin-21.0.6+7 (21.0.6+7-LTS, mixed mode, sharing, tiered, compressed oops, compressed class ptrs, parallel gc, windows-amd64)
GC Precious Log:
 CardTable entry size: 512
 CPUs: 16 total, 16 available
 Memory: 7501M
 Large Page Support: Disabled
 NUMA Support: Disabled
 Compressed Oops: Enabled (32-bit)
 Alignments: Space 512K, Generation 512K, Heap 2M
 Heap Min Capacity: 100M
 Heap Initial Capacity: 100M
 Heap Max Capacity: 1G
 Pre-touch: Disabled
 Parallel Workers: 13
Heap:
 PSYoungGen      total 17920K, used 17920K [0x00000000eab00000, 0x00000000ec380000, 0x0000000100000000)
  eden space 15872K, 100% used [0x00000000eab00000,0x00000000eba80000,0x00000000eba80000)
  from space 2048K, 100% used [0x00000000eba80000,0x00000000ebc80000,0x00000000ebc80000)
  to   space 4608K, 40% used [0x00000000ebf00000,0x00000000ec0d0000,0x00000000ec380000)
 ParOldGen       total 654336K, used 653861K [0x00000000c0000000, 0x00000000e7f00000, 0x00000000eab00000)
  object space 654336K, 99% used [0x00000000c0000000,0x00000000e7e897b8,0x00000000e7f00000)
 Metaspace       used 72574K, committed 74240K, reserved 1179648K
  class space    used 7294K, committed 8064K, reserved 1048576K
GC Heap History (20 events):
Event: 60.222 GC heap before
{Heap before GC invocations=887 (full 3):
 PSYoungGen      total 19456K, used 19446K [0x00000000eab00000, 0x00000000ec480000, 0x0000000100000000)
  eden space 17920K, 100% used [0x00000000eab00000,0x00000000ebc80000,0x00000000ebc80000)
  from space 1536K, 99% used [0x00000000ebc80000,0x00000000ebdfd808,0x00000000ebe00000)
  to   space 4096K, 0% used [0x00000000ec080000,0x00000000ec080000,0x00000000ec480000)
 ParOldGen       total 635392K, used 635219K [0x00000000c0000000, 0x00000000e6c80000, 0x00000000eab00000)
  object space 635392K, 99% used [0x00000000c0000000,0x00000000e6c54f60,0x00000000e6c80000)
 Metaspace       used 72324K, committed 73984K, reserved 1179648K
  class space    used 7256K, committed 8000K, reserved 1048576K
}
Event: 60.226 GC heap after
{Heap after GC invocations=887 (full 3):
 PSYoungGen      total 19456K, used 1376K [0x00000000eab00000, 0x00000000ec200000, 0x0000000100000000)
  eden space 17920K, 0% used [0x00000000eab00000,0x00000000eab00000,0x00000000ebc80000)
  from space 1536K, 89% used [0x00000000ec080000,0x00000000ec1d8000,0x00000000ec200000)
  to   space 2560K, 0% used [0x00000000ebd00000,0x00000000ebd00000,0x00000000ebf80000)
 ParOldGen       total 636928K, used 636739K [0x00000000c0000000, 0x00000000e6e00000, 0x00000000eab00000)
  object space 636928K, 99% used [0x00000000c0000000,0x00000000e6dd0e98,0x00000000e6e00000)
 Metaspace       used 72324K, committed 73984K, reserved 1179648K
  class space    used 7256K, committed 8000K, reserved 1048576K
}
Event: 60.247 GC heap before
{Heap before GC invocations=888 (full 3):
 PSYoungGen      total 19456K, used 19296K [0x00000000eab00000, 0x00000000ec200000, 0x0000000100000000)
  eden space 17920K, 100% used [0x00000000eab00000,0x00000000ebc80000,0x00000000ebc80000)
  from space 1536K, 89% used [0x00000000ec080000,0x00000000ec1d8000,0x00000000ec200000)
  to   space 2560K, 0% used [0x00000000ebd00000,0x00000000ebd00000,0x00000000ebf80000)
 ParOldGen       total 636928K, used 636739K [0x00000000c0000000, 0x00000000e6e00000, 0x00000000eab00000)
  object space 636928K, 99% used [0x00000000c0000000,0x00000000e6dd0e98,0x00000000e6e00000)
 Metaspace       used 72325K, committed 73984K, reserved 1179648K
  class space    used 7256K, committed 8000K, reserved 1048576K
}
Event: 60.249 GC heap after
{Heap after GC invocations=888 (full 3):
 PSYoungGen      total 20480K, used 1434K [0x00000000eab00000, 0x00000000ec100000, 0x0000000100000000)
  eden space 17920K, 0% used [0x00000000eab00000,0x00000000eab00000,0x00000000ebc80000)
  from space 2560K, 56% used [0x00000000ebd00000,0x00000000ebe66920,0x00000000ebf80000)
  to   space 1536K, 0% used [0x00000000ebf80000,0x00000000ebf80000,0x00000000ec100000)
 ParOldGen       total 637952K, used 637883K [0x00000000c0000000, 0x00000000e6f00000, 0x00000000eab00000)
  object space 637952K, 99% used [0x00000000c0000000,0x00000000e6eeee98,0x00000000e6f00000)
 Metaspace       used 72325K, committed 73984K, reserved 1179648K
  class space    used 7256K, committed 8000K, reserved 1048576K
}
Event: 60.266 GC heap before
{Heap before GC invocations=889 (full 3):
 PSYoungGen      total 20480K, used 19354K [0x00000000eab00000, 0x00000000ec100000, 0x0000000100000000)
  eden space 17920K, 100% used [0x00000000eab00000,0x00000000ebc80000,0x00000000ebc80000)
  from space 2560K, 56% used [0x00000000ebd00000,0x00000000ebe66920,0x00000000ebf80000)
  to   space 1536K, 0% used [0x00000000ebf80000,0x00000000ebf80000,0x00000000ec100000)
 ParOldGen       total 637952K, used 637883K [0x00000000c0000000, 0x00000000e6f00000, 0x00000000eab00000)
  object space 637952K, 99% used [0x00000000c0000000,0x00000000e6eeee98,0x00000000e6f00000)
 Metaspace       used 72325K, committed 73984K, reserved 1179648K
  class space    used 7256K, committed 8000K, reserved 1048576K
}
Event: 60.269 GC heap after
{Heap after GC invocations=889 (full 3):
 PSYoungGen      total 19456K, used 1492K [0x00000000eab00000, 0x00000000ec100000, 0x0000000100000000)
  eden space 17920K, 0% used [0x00000000eab00000,0x00000000eab00000,0x00000000ebc80000)
  from space 1536K, 97% used [0x00000000ebf80000,0x00000000ec0f5250,0x00000000ec100000)
  to   space 1536K, 0% used [0x00000000ebe00000,0x00000000ebe00000,0x00000000ebf80000)
 ParOldGen       total 639488K, used 639124K [0x00000000c0000000, 0x00000000e7080000, 0x00000000eab00000)
  object space 639488K, 99% used [0x00000000c0000000,0x00000000e7025100,0x00000000e7080000)
 Metaspace       used 72325K, committed 73984K, reserved 1179648K
  class space    used 7256K, committed 8000K, reserved 1048576K
}
Event: 60.292 GC heap before
{Heap before GC invocations=890 (full 3):
 PSYoungGen      total 19456K, used 19412K [0x00000000eab00000, 0x00000000ec100000, 0x0000000100000000)
  eden space 17920K, 100% used [0x00000000eab00000,0x00000000ebc80000,0x00000000ebc80000)
  from space 1536K, 97% used [0x00000000ebf80000,0x00000000ec0f5250,0x00000000ec100000)
  to   space 1536K, 0% used [0x00000000ebe00000,0x00000000ebe00000,0x00000000ebf80000)
 ParOldGen       total 639488K, used 639124K [0x00000000c0000000, 0x00000000e7080000, 0x00000000eab00000)
  object space 639488K, 99% used [0x00000000c0000000,0x00000000e7025100,0x00000000e7080000)
 Metaspace       used 72332K, committed 73984K, reserved 1179648K
  class space    used 7257K, committed 8000K, reserved 1048576K
}
Event: 60.295 GC heap after
{Heap after GC invocations=890 (full 3):
 PSYoungGen      total 19456K, used 1504K [0x00000000eab00000, 0x00000000ec000000, 0x0000000100000000)
  eden space 17920K, 0% used [0x00000000eab00000,0x00000000eab00000,0x00000000ebc80000)
  from space 1536K, 97% used [0x00000000ebe00000,0x00000000ebf78000,0x00000000ebf80000)
  to   space 512K, 0% used [0x00000000ebf80000,0x00000000ebf80000,0x00000000ec000000)
 ParOldGen       total 640512K, used 640268K [0x00000000c0000000, 0x00000000e7180000, 0x00000000eab00000)
  object space 640512K, 99% used [0x00000000c0000000,0x00000000e7143100,0x00000000e7180000)
 Metaspace       used 72332K, committed 73984K, reserved 1179648K
  class space    used 7257K, committed 8000K, reserved 1048576K
}
Event: 60.340 GC heap before
{Heap before GC invocations=891 (full 3):
 PSYoungGen      total 19456K, used 19411K [0x00000000eab00000, 0x00000000ec000000, 0x0000000100000000)
  eden space 17920K, 99% used [0x00000000eab00000,0x00000000ebc7cf98,0x00000000ebc80000)
  from space 1536K, 97% used [0x00000000ebe00000,0x00000000ebf78000,0x00000000ebf80000)
  to   space 512K, 0% used [0x00000000ebf80000,0x00000000ebf80000,0x00000000ec000000)
 ParOldGen       total 640512K, used 640268K [0x00000000c0000000, 0x00000000e7180000, 0x00000000eab00000)
  object space 640512K, 99% used [0x00000000c0000000,0x00000000e7143100,0x00000000e7180000)
 Metaspace       used 72441K, committed 74048K, reserved 1179648K
  class space    used 7275K, committed 8000K, reserved 1048576K
}
Event: 60.344 GC heap after
{Heap after GC invocations=891 (full 3):
 PSYoungGen      total 16384K, used 512K [0x00000000eab00000, 0x00000000ec680000, 0x0000000100000000)
  eden space 15872K, 0% used [0x00000000eab00000,0x00000000eab00000,0x00000000eba80000)
  from space 512K, 100% used [0x00000000ebf80000,0x00000000ec000000,0x00000000ec000000)
  to   space 5120K, 0% used [0x00000000eba80000,0x00000000eba80000,0x00000000ebf80000)
 ParOldGen       total 644608K, used 644153K [0x00000000c0000000, 0x00000000e7580000, 0x00000000eab00000)
  object space 644608K, 99% used [0x00000000c0000000,0x00000000e750e778,0x00000000e7580000)
 Metaspace       used 72441K, committed 74048K, reserved 1179648K
  class space    used 7275K, committed 8000K, reserved 1048576K
}
Event: 60.398 GC heap before
{Heap before GC invocations=892 (full 3):
 PSYoungGen      total 16384K, used 16384K [0x00000000eab00000, 0x00000000ec680000, 0x0000000100000000)
  eden space 15872K, 100% used [0x00000000eab00000,0x00000000eba80000,0x00000000eba80000)
  from space 512K, 100% used [0x00000000ebf80000,0x00000000ec000000,0x00000000ec000000)
  to   space 5120K, 0% used [0x00000000eba80000,0x00000000eba80000,0x00000000ebf80000)
 ParOldGen       total 644608K, used 644153K [0x00000000c0000000, 0x00000000e7580000, 0x00000000eab00000)
  object space 644608K, 99% used [0x00000000c0000000,0x00000000e750e778,0x00000000e7580000)
 Metaspace       used 72510K, committed 74112K, reserved 1179648K
  class space    used 7284K, committed 8000K, reserved 1048576K
}
Event: 60.401 GC heap after
{Heap after GC invocations=892 (full 3):
 PSYoungGen      total 17920K, used 2048K [0x00000000eab00000, 0x00000000ec080000, 0x0000000100000000)
  eden space 15872K, 0% used [0x00000000eab00000,0x00000000eab00000,0x00000000eba80000)
  from space 2048K, 100% used [0x00000000eba80000,0x00000000ebc80000,0x00000000ebc80000)
  to   space 3072K, 0% used [0x00000000ebd80000,0x00000000ebd80000,0x00000000ec080000)
 ParOldGen       total 645120K, used 644689K [0x00000000c0000000, 0x00000000e7600000, 0x00000000eab00000)
  object space 645120K, 99% used [0x00000000c0000000,0x00000000e7594778,0x00000000e7600000)
 Metaspace       used 72510K, committed 74112K, reserved 1179648K
  class space    used 7284K, committed 8000K, reserved 1048576K
}
Event: 60.441 GC heap before
{Heap before GC invocations=893 (full 3):
 PSYoungGen      total 17920K, used 17920K [0x00000000eab00000, 0x00000000ec080000, 0x0000000100000000)
  eden space 15872K, 100% used [0x00000000eab00000,0x00000000eba80000,0x00000000eba80000)
  from space 2048K, 100% used [0x00000000eba80000,0x00000000ebc80000,0x00000000ebc80000)
  to   space 3072K, 0% used [0x00000000ebd80000,0x00000000ebd80000,0x00000000ec080000)
 ParOldGen       total 645120K, used 644689K [0x00000000c0000000, 0x00000000e7600000, 0x00000000eab00000)
  object space 645120K, 99% used [0x00000000c0000000,0x00000000e7594778,0x00000000e7600000)
 Metaspace       used 72552K, committed 74176K, reserved 1179648K
  class space    used 7288K, committed 8000K, reserved 1048576K
}
Event: 60.445 GC heap after
{Heap after GC invocations=893 (full 3):
 PSYoungGen      total 18944K, used 2587K [0x00000000eab00000, 0x00000000ec080000, 0x0000000100000000)
  eden space 15872K, 0% used [0x00000000eab00000,0x00000000eab00000,0x00000000eba80000)
  from space 3072K, 84% used [0x00000000ebd80000,0x00000000ec006e38,0x00000000ec080000)
  to   space 3072K, 0% used [0x00000000eba80000,0x00000000eba80000,0x00000000ebd80000)
 ParOldGen       total 646656K, used 646510K [0x00000000c0000000, 0x00000000e7780000, 0x00000000eab00000)
  object space 646656K, 99% used [0x00000000c0000000,0x00000000e775bb90,0x00000000e7780000)
 Metaspace       used 72552K, committed 74176K, reserved 1179648K
  class space    used 7288K, committed 8000K, reserved 1048576K
}
Event: 60.486 GC heap before
{Heap before GC invocations=894 (full 3):
 PSYoungGen      total 18944K, used 18459K [0x00000000eab00000, 0x00000000ec080000, 0x0000000100000000)
  eden space 15872K, 100% used [0x00000000eab00000,0x00000000eba80000,0x00000000eba80000)
  from space 3072K, 84% used [0x00000000ebd80000,0x00000000ec006e38,0x00000000ec080000)
  to   space 3072K, 0% used [0x00000000eba80000,0x00000000eba80000,0x00000000ebd80000)
 ParOldGen       total 646656K, used 646510K [0x00000000c0000000, 0x00000000e7780000, 0x00000000eab00000)
  object space 646656K, 99% used [0x00000000c0000000,0x00000000e775bb90,0x00000000e7780000)
 Metaspace       used 72574K, committed 74240K, reserved 1179648K
  class space    used 7294K, committed 8064K, reserved 1048576K
}
Event: 60.491 GC heap after
{Heap after GC invocations=894 (full 3):
 PSYoungGen      total 17920K, used 1872K [0x00000000eab00000, 0x00000000ebf80000, 0x0000000100000000)
  eden space 15872K, 0% used [0x00000000eab00000,0x00000000eab00000,0x00000000eba80000)
  from space 2048K, 91% used [0x00000000eba80000,0x00000000ebc54010,0x00000000ebc80000)
  to   space 2560K, 0% used [0x00000000ebd00000,0x00000000ebd00000,0x00000000ebf80000)
 ParOldGen       total 648704K, used 648696K [0x00000000c0000000, 0x00000000e7980000, 0x00000000eab00000)
  object space 648704K, 99% used [0x00000000c0000000,0x00000000e797e1a0,0x00000000e7980000)
 Metaspace       used 72574K, committed 74240K, reserved 1179648K
  class space    used 7294K, committed 8064K, reserved 1048576K
}
Event: 60.539 GC heap before
{Heap before GC invocations=895 (full 3):
 PSYoungGen      total 17920K, used 17744K [0x00000000eab00000, 0x00000000ebf80000, 0x0000000100000000)
  eden space 15872K, 100% used [0x00000000eab00000,0x00000000eba80000,0x00000000eba80000)
  from space 2048K, 91% used [0x00000000eba80000,0x00000000ebc54010,0x00000000ebc80000)
  to   space 2560K, 0% used [0x00000000ebd00000,0x00000000ebd00000,0x00000000ebf80000)
 ParOldGen       total 648704K, used 648696K [0x00000000c0000000, 0x00000000e7980000, 0x00000000eab00000)
  object space 648704K, 99% used [0x00000000c0000000,0x00000000e797e1a0,0x00000000e7980000)
 Metaspace       used 72574K, committed 74240K, reserved 1179648K
  class space    used 7294K, committed 8064K, reserved 1048576K
}
Event: 60.543 GC heap after
{Heap after GC invocations=895 (full 3):
 PSYoungGen      total 17920K, used 1984K [0x00000000eab00000, 0x00000000ebf00000, 0x0000000100000000)
  eden space 15872K, 0% used [0x00000000eab00000,0x00000000eab00000,0x00000000eba80000)
  from space 2048K, 96% used [0x00000000ebd00000,0x00000000ebef0000,0x00000000ebf00000)
  to   space 2048K, 0% used [0x00000000eba80000,0x00000000eba80000,0x00000000ebc80000)
 ParOldGen       total 650752K, used 650328K [0x00000000c0000000, 0x00000000e7b80000, 0x00000000eab00000)
  object space 650752K, 99% used [0x00000000c0000000,0x00000000e7b161a0,0x00000000e7b80000)
 Metaspace       used 72574K, committed 74240K, reserved 1179648K
  class space    used 7294K, committed 8064K, reserved 1048576K
}
Event: 60.583 GC heap before
{Heap before GC invocations=896 (full 3):
 PSYoungGen      total 17920K, used 17856K [0x00000000eab00000, 0x00000000ebf00000, 0x0000000100000000)
  eden space 15872K, 100% used [0x00000000eab00000,0x00000000eba80000,0x00000000eba80000)
  from space 2048K, 96% used [0x00000000ebd00000,0x00000000ebef0000,0x00000000ebf00000)
  to   space 2048K, 0% used [0x00000000eba80000,0x00000000eba80000,0x00000000ebc80000)
 ParOldGen       total 650752K, used 650328K [0x00000000c0000000, 0x00000000e7b80000, 0x00000000eab00000)
  object space 650752K, 99% used [0x00000000c0000000,0x00000000e7b161a0,0x00000000e7b80000)
 Metaspace       used 72574K, committed 74240K, reserved 1179648K
  class space    used 7294K, committed 8064K, reserved 1048576K
}
Event: 60.587 GC heap after
{Heap after GC invocations=896 (full 3):
 PSYoungGen      total 17920K, used 2048K [0x00000000eab00000, 0x00000000ec380000, 0x0000000100000000)
  eden space 15872K, 0% used [0x00000000eab00000,0x00000000eab00000,0x00000000eba80000)
  from space 2048K, 100% used [0x00000000eba80000,0x00000000ebc80000,0x00000000ebc80000)
  to   space 4608K, 0% used [0x00000000ebf00000,0x00000000ebf00000,0x00000000ec380000)
 ParOldGen       total 652288K, used 652101K [0x00000000c0000000, 0x00000000e7d00000, 0x00000000eab00000)
  object space 652288K, 99% used [0x00000000c0000000,0x00000000e7cd17b8,0x00000000e7d00000)
 Metaspace       used 72574K, committed 74240K, reserved 1179648K
  class space    used 7294K, committed 8064K, reserved 1048576K
}

