# JRE version: OpenJDK Runtime Environment Temurin-21.0.6+7 (21.0.6+7) (build 21.0.6+7-LTS)
# Java VM: OpenJDK 64-Bit Server VM Temurin-21.0.6+7 (21.0.6+7-LTS, mixed mode, emulated-client, sharing, tiered, compressed oops, compressed class ptrs, g1 gc, windows-amd64)
GC Precious Log:
 CardTable entry size: 512
 Card Set container configuration: InlinePtr #cards 5 size 8 Array Of Cards #cards 12 size 40 Howl #buckets 4 coarsen threshold 1843 Howl Bitmap #cards 512 size 80 coarsen threshold 460 Card regions per heap region 1 cards per card region 2048
 CPUs: 16 total, 16 available
 Memory: 7501M
 Large Page Support: Disabled
 NUMA Support: Disabled
 Compressed Oops: Enabled (32-bit)
 Heap Region Size: 1M
 Heap Min Capacity: 8M
 Heap Initial Capacity: 118M
 Heap Max Capacity: 1876M
 Pre-touch: Disabled
 Parallel Workers: 13
 Concurrent Workers: 3
 Concurrent Refinement Workers: 13
 Periodic GC: Disabled
Heap:
 garbage-first heap   total 126976K, used 43270K [0x000000008ac00000, 0x0000000100000000)
  region size 1024K, 7 young (7168K), 7 survivors (7168K)
 Metaspace       used 87977K, committed 88768K, reserved 1179648K
  class space    used 12549K, committed 12864K, reserved 1048576K
GC Heap History (20 events):
Event: 60.066 GC heap after
{Heap after GC invocations=42 (full 1):
 garbage-first heap   total 140288K, used 43291K [0x000000008ac00000, 0x0000000100000000)
  region size 1024K, 6 young (6144K), 6 survivors (6144K)
 Metaspace       used 83195K, committed 84160K, reserved 1179648K
  class space    used 12028K, committed 12480K, reserved 1048576K
}
Event: 60.763 GC heap before
{Heap before GC invocations=43 (full 1):
 garbage-first heap   total 140288K, used 111899K [0x000000008ac00000, 0x0000000100000000)
  region size 1024K, 73 young (74752K), 6 survivors (6144K)
 Metaspace       used 83454K, committed 84416K, reserved 1179648K
  class space    used 12047K, committed 12480K, reserved 1048576K
}
Event: 60.769 GC heap after
{Heap after GC invocations=44 (full 1):
 garbage-first heap   total 140288K, used 47503K [0x000000008ac00000, 0x0000000100000000)
  region size 1024K, 10 young (10240K), 10 survivors (10240K)
 Metaspace       used 83454K, committed 84416K, reserved 1179648K
  class space    used 12047K, committed 12480K, reserved 1048576K
}
Event: 61.334 GC heap before
{Heap before GC invocations=44 (full 1):
 garbage-first heap   total 140288K, used 116111K [0x000000008ac00000, 0x0000000100000000)
  region size 1024K, 77 young (78848K), 10 survivors (10240K)
 Metaspace       used 83719K, committed 84672K, reserved 1179648K
  class space    used 12067K, committed 12480K, reserved 1048576K
}
Event: 61.341 GC heap after
{Heap after GC invocations=45 (full 1):
 garbage-first heap   total 140288K, used 50914K [0x000000008ac00000, 0x0000000100000000)
  region size 1024K, 9 young (9216K), 9 survivors (9216K)
 Metaspace       used 83719K, committed 84672K, reserved 1179648K
  class space    used 12067K, committed 12480K, reserved 1048576K
}
Event: 377.644 GC heap before
{Heap before GC invocations=45 (full 1):
 garbage-first heap   total 140288K, used 112354K [0x000000008ac00000, 0x0000000100000000)
  region size 1024K, 70 young (71680K), 9 survivors (9216K)
 Metaspace       used 83726K, committed 84672K, reserved 1179648K
  class space    used 12068K, committed 12480K, reserved 1048576K
}
Event: 377.931 GC heap after
{Heap after GC invocations=46 (full 2):
 garbage-first heap   total 140288K, used 42216K [0x000000008ac00000, 0x0000000100000000)
  region size 1024K, 0 young (0K), 0 survivors (0K)
 Metaspace       used 83722K, committed 84672K, reserved 1179648K
  class space    used 12068K, committed 12480K, reserved 1048576K
}
Event: 379.021 GC heap before
{Heap before GC invocations=46 (full 2):
 garbage-first heap   total 140288K, used 114920K [0x000000008ac00000, 0x0000000100000000)
  region size 1024K, 72 young (73728K), 0 survivors (0K)
 Metaspace       used 84042K, committed 85056K, reserved 1179648K
  class space    used 12092K, committed 12544K, reserved 1048576K
}
Event: 379.041 GC heap after
{Heap after GC invocations=47 (full 2):
 garbage-first heap   total 140288K, used 48360K [0x000000008ac00000, 0x0000000100000000)
  region size 1024K, 6 young (6144K), 6 survivors (6144K)
 Metaspace       used 84042K, committed 85056K, reserved 1179648K
  class space    used 12092K, committed 12544K, reserved 1048576K
}
Event: 379.940 GC heap before
{Heap before GC invocations=48 (full 2):
 garbage-first heap   total 140288K, used 119016K [0x000000008ac00000, 0x0000000100000000)
  region size 1024K, 75 young (76800K), 6 survivors (6144K)
 Metaspace       used 83934K, committed 85120K, reserved 1179648K
  class space    used 12009K, committed 12544K, reserved 1048576K
}
Event: 379.957 GC heap after
{Heap after GC invocations=49 (full 2):
 garbage-first heap   total 140288K, used 53544K [0x000000008ac00000, 0x0000000100000000)
  region size 1024K, 6 young (6144K), 6 survivors (6144K)
 Metaspace       used 83934K, committed 85120K, reserved 1179648K
  class space    used 12009K, committed 12544K, reserved 1048576K
}
Event: 379.982 GC heap before
{Heap before GC invocations=49 (full 2):
 garbage-first heap   total 140288K, used 56616K [0x000000008ac00000, 0x0000000100000000)
  region size 1024K, 10 young (10240K), 6 survivors (6144K)
 Metaspace       used 83964K, committed 85184K, reserved 1179648K
  class space    used 12010K, committed 12544K, reserved 1048576K
}
Event: 379.989 GC heap after
{Heap after GC invocations=50 (full 2):
 garbage-first heap   total 140288K, used 54127K [0x000000008ac00000, 0x0000000100000000)
  region size 1024K, 1 young (1024K), 1 survivors (1024K)
 Metaspace       used 83964K, committed 85184K, reserved 1179648K
  class space    used 12010K, committed 12544K, reserved 1048576K
}
Event: 380.610 GC heap before
{Heap before GC invocations=51 (full 2):
 garbage-first heap   total 140288K, used 120687K [0x000000008ac00000, 0x0000000100000000)
  region size 1024K, 66 young (67584K), 1 survivors (1024K)
 Metaspace       used 84146K, committed 85248K, reserved 1179648K
  class space    used 12028K, committed 12544K, reserved 1048576K
}
Event: 380.614 GC heap after
{Heap after GC invocations=52 (full 2):
 garbage-first heap   total 140288K, used 57247K [0x000000008ac00000, 0x0000000100000000)
  region size 1024K, 5 young (5120K), 5 survivors (5120K)
 Metaspace       used 84146K, committed 85248K, reserved 1179648K
  class space    used 12028K, committed 12544K, reserved 1048576K
}
Event: 600.888 GC heap before
{Heap before GC invocations=52 (full 2):
 garbage-first heap   total 140288K, used 119711K [0x000000008ac00000, 0x0000000100000000)
  region size 1024K, 67 young (68608K), 5 survivors (5120K)
 Metaspace       used 87801K, committed 88576K, reserved 1179648K
  class space    used 12532K, committed 12864K, reserved 1048576K
}
Event: 600.970 GC heap after
{Heap after GC invocations=53 (full 2):
 garbage-first heap   total 140288K, used 57655K [0x000000008ac00000, 0x0000000100000000)
  region size 1024K, 6 young (6144K), 6 survivors (6144K)
 Metaspace       used 87801K, committed 88576K, reserved 1179648K
  class space    used 12532K, committed 12864K, reserved 1048576K
}
Event: 631.317 GC heap before
{Heap before GC invocations=53 (full 2):
 garbage-first heap   total 140288K, used 63799K [0x000000008ac00000, 0x0000000100000000)
  region size 1024K, 13 young (13312K), 6 survivors (6144K)
 Metaspace       used 87845K, committed 88640K, reserved 1179648K
  class space    used 12540K, committed 12864K, reserved 1048576K
}
Event: 632.055 GC heap after
{Heap after GC invocations=54 (full 3):
 garbage-first heap   total 126976K, used 36102K [0x000000008ac00000, 0x0000000100000000)
  region size 1024K, 0 young (0K), 0 survivors (0K)
 Metaspace       used 87728K, committed 88640K, reserved 1179648K
  class space    used 12509K, committed 12864K, reserved 1048576K
}
Event: 637.526 GC heap before
{Heap before GC invocations=54 (full 3):
 garbage-first heap   total 126976K, used 109830K [0x000000008ac00000, 0x0000000100000000)
  region size 1024K, 73 young (74752K), 0 survivors (0K)
 Metaspace       used 87977K, committed 88768K, reserved 1179648K
  class space    used 12549K, committed 12864K, reserved 1048576K
}

