# JRE version: OpenJDK Runtime Environment Temurin-21.0.6+7 (21.0.6+7) (build 21.0.6+7-LTS)
# Java VM: OpenJDK 64-Bit Server VM Temurin-21.0.6+7 (21.0.6+7-LTS, mixed mode, sharing, tiered, compressed oops, compressed class ptrs, parallel gc, windows-amd64)
GC Precious Log:
 CardTable entry size: 512
 CPUs: 16 total, 16 available
 Memory: 7501M
 Large Page Support: Disabled
 NUMA Support: Disabled
 Compressed Oops: Enabled (32-bit)
 Alignments: Space 512K, Generation 512K, Heap 2M
 Heap Min Capacity: 100M
 Heap Initial Capacity: 100M
 Heap Max Capacity: 1G
 Pre-touch: Disabled
 Parallel Workers: 13
Heap:
 PSYoungGen      total 5120K, used 1484K [0x00000000eab00000, 0x00000000eb180000, 0x0000000100000000)
  eden space 4096K, 16% used [0x00000000eab00000,0x00000000eabab368,0x00000000eaf00000)
  from space 1024K, 78% used [0x00000000eb000000,0x00000000eb0c8000,0x00000000eb100000)
  to   space 1024K, 0% used [0x00000000eaf00000,0x00000000eaf00000,0x00000000eb000000)
 ParOldGen       total 654336K, used 653923K [0x00000000c0000000, 0x00000000e7f00000, 0x00000000eab00000)
  object space 654336K, 99% used [0x00000000c0000000,0x00000000e7e98db0,0x00000000e7f00000)
 Metaspace       used 103722K, committed 105536K, reserved 1179648K
  class space    used 9611K, committed 10496K, reserved 1048576K
GC Heap History (20 events):
Event: 114781.240 GC heap before
{Heap before GC invocations=28736 (full 104):
 PSYoungGen      total 2560K, used 2061K [0x00000000eab00000, 0x00000000eb080000, 0x0000000100000000)
  eden space 1024K, 88% used [0x00000000eab00000,0x00000000eabe35c0,0x00000000eac00000)
  from space 1536K, 74% used [0x00000000eac00000,0x00000000ead1fea8,0x00000000ead80000)
  to   space 2048K, 0% used [0x00000000eae80000,0x00000000eae80000,0x00000000eb080000)
 ParOldGen       total 643584K, used 643525K [0x00000000c0000000, 0x00000000e7480000, 0x00000000eab00000)
  object space 643584K, 99% used [0x00000000c0000000,0x00000000e74716a8,0x00000000e7480000)
 Metaspace       used 103683K, committed 105536K, reserved 1179648K
  class space    used 9610K, committed 10496K, reserved 1048576K
}
Event: 114781.241 GC heap after
{Heap after GC invocations=28736 (full 104):
 PSYoungGen      total 2560K, used 954K [0x00000000eab00000, 0x00000000eaf80000, 0x0000000100000000)
  eden space 1536K, 0% used [0x00000000eab00000,0x00000000eab00000,0x00000000eac80000)
  from space 1024K, 93% used [0x00000000eae80000,0x00000000eaf6e960,0x00000000eaf80000)
  to   space 1536K, 0% used [0x00000000eac80000,0x00000000eac80000,0x00000000eae00000)
 ParOldGen       total 644608K, used 644396K [0x00000000c0000000, 0x00000000e7580000, 0x00000000eab00000)
  object space 644608K, 99% used [0x00000000c0000000,0x00000000e754b178,0x00000000e7580000)
 Metaspace       used 103683K, committed 105536K, reserved 1179648K
  class space    used 9610K, committed 10496K, reserved 1048576K
}
Event: 114781.244 GC heap before
{Heap before GC invocations=28737 (full 104):
 PSYoungGen      total 2560K, used 2490K [0x00000000eab00000, 0x00000000eaf80000, 0x0000000100000000)
  eden space 1536K, 100% used [0x00000000eab00000,0x00000000eac80000,0x00000000eac80000)
  from space 1024K, 93% used [0x00000000eae80000,0x00000000eaf6e960,0x00000000eaf80000)
  to   space 1536K, 0% used [0x00000000eac80000,0x00000000eac80000,0x00000000eae00000)
 ParOldGen       total 644608K, used 644396K [0x00000000c0000000, 0x00000000e7580000, 0x00000000eab00000)
  object space 644608K, 99% used [0x00000000c0000000,0x00000000e754b178,0x00000000e7580000)
 Metaspace       used 103683K, committed 105536K, reserved 1179648K
  class space    used 9610K, committed 10496K, reserved 1048576K
}
Event: 114781.246 GC heap after
{Heap after GC invocations=28737 (full 104):
 PSYoungGen      total 3072K, used 1469K [0x00000000eab00000, 0x00000000eaf80000, 0x0000000100000000)
  eden space 1536K, 0% used [0x00000000eab00000,0x00000000eab00000,0x00000000eac80000)
  from space 1536K, 95% used [0x00000000eac80000,0x00000000eadef4b8,0x00000000eae00000)
  to   space 1024K, 0% used [0x00000000eae80000,0x00000000eae80000,0x00000000eaf80000)
 ParOldGen       total 645632K, used 645154K [0x00000000c0000000, 0x00000000e7680000, 0x00000000eab00000)
  object space 645632K, 99% used [0x00000000c0000000,0x00000000e7608a40,0x00000000e7680000)
 Metaspace       used 103683K, committed 105536K, reserved 1179648K
  class space    used 9610K, committed 10496K, reserved 1048576K
}
Event: 114781.286 GC heap before
{Heap before GC invocations=28738 (full 104):
 PSYoungGen      total 3072K, used 3005K [0x00000000eab00000, 0x00000000eaf80000, 0x0000000100000000)
  eden space 1536K, 100% used [0x00000000eab00000,0x00000000eac80000,0x00000000eac80000)
  from space 1536K, 95% used [0x00000000eac80000,0x00000000eadef4b8,0x00000000eae00000)
  to   space 1024K, 0% used [0x00000000eae80000,0x00000000eae80000,0x00000000eaf80000)
 ParOldGen       total 645632K, used 645154K [0x00000000c0000000, 0x00000000e7680000, 0x00000000eab00000)
  object space 645632K, 99% used [0x00000000c0000000,0x00000000e7608a40,0x00000000e7680000)
 Metaspace       used 103695K, committed 105536K, reserved 1179648K
  class space    used 9610K, committed 10496K, reserved 1048576K
}
Event: 114781.288 GC heap after
{Heap after GC invocations=28738 (full 104):
 PSYoungGen      total 2560K, used 1024K [0x00000000eab00000, 0x00000000eaf80000, 0x0000000100000000)
  eden space 1536K, 0% used [0x00000000eab00000,0x00000000eab00000,0x00000000eac80000)
  from space 1024K, 100% used [0x00000000eae80000,0x00000000eaf80000,0x00000000eaf80000)
  to   space 1536K, 0% used [0x00000000eac80000,0x00000000eac80000,0x00000000eae00000)
 ParOldGen       total 646656K, used 646443K [0x00000000c0000000, 0x00000000e7780000, 0x00000000eab00000)
  object space 646656K, 99% used [0x00000000c0000000,0x00000000e774ae80,0x00000000e7780000)
 Metaspace       used 103695K, committed 105536K, reserved 1179648K
  class space    used 9610K, committed 10496K, reserved 1048576K
}
Event: 114781.316 GC heap before
{Heap before GC invocations=28739 (full 104):
 PSYoungGen      total 2560K, used 2560K [0x00000000eab00000, 0x00000000eaf80000, 0x0000000100000000)
  eden space 1536K, 100% used [0x00000000eab00000,0x00000000eac80000,0x00000000eac80000)
  from space 1024K, 100% used [0x00000000eae80000,0x00000000eaf80000,0x00000000eaf80000)
  to   space 1536K, 0% used [0x00000000eac80000,0x00000000eac80000,0x00000000eae00000)
 ParOldGen       total 646656K, used 646443K [0x00000000c0000000, 0x00000000e7780000, 0x00000000eab00000)
  object space 646656K, 99% used [0x00000000c0000000,0x00000000e774ae80,0x00000000e7780000)
 Metaspace       used 103695K, committed 105536K, reserved 1179648K
  class space    used 9610K, committed 10496K, reserved 1048576K
}
Event: 114781.319 GC heap after
{Heap after GC invocations=28739 (full 104):
 PSYoungGen      total 3072K, used 800K [0x00000000eab00000, 0x00000000eb000000, 0x0000000100000000)
  eden space 1536K, 0% used [0x00000000eab00000,0x00000000eab00000,0x00000000eac80000)
  from space 1536K, 52% used [0x00000000eac80000,0x00000000ead48000,0x00000000eae00000)
  to   space 1536K, 0% used [0x00000000eae80000,0x00000000eae80000,0x00000000eb000000)
 ParOldGen       total 647680K, used 647358K [0x00000000c0000000, 0x00000000e7880000, 0x00000000eab00000)
  object space 647680K, 99% used [0x00000000c0000000,0x00000000e782fb00,0x00000000e7880000)
 Metaspace       used 103695K, committed 105536K, reserved 1179648K
  class space    used 9610K, committed 10496K, reserved 1048576K
}
Event: 114781.335 GC heap before
{Heap before GC invocations=28740 (full 104):
 PSYoungGen      total 3072K, used 2336K [0x00000000eab00000, 0x00000000eb000000, 0x0000000100000000)
  eden space 1536K, 100% used [0x00000000eab00000,0x00000000eac80000,0x00000000eac80000)
  from space 1536K, 52% used [0x00000000eac80000,0x00000000ead48000,0x00000000eae00000)
  to   space 1536K, 0% used [0x00000000eae80000,0x00000000eae80000,0x00000000eb000000)
 ParOldGen       total 647680K, used 647358K [0x00000000c0000000, 0x00000000e7880000, 0x00000000eab00000)
  object space 647680K, 99% used [0x00000000c0000000,0x00000000e782fb00,0x00000000e7880000)
 Metaspace       used 103695K, committed 105536K, reserved 1179648K
  class space    used 9610K, committed 10496K, reserved 1048576K
}
Event: 114781.338 GC heap after
{Heap after GC invocations=28740 (full 104):
 PSYoungGen      total 3072K, used 736K [0x00000000eab00000, 0x00000000eaf80000, 0x0000000100000000)
  eden space 2048K, 0% used [0x00000000eab00000,0x00000000eab00000,0x00000000ead00000)
  from space 1024K, 71% used [0x00000000eae80000,0x00000000eaf38000,0x00000000eaf80000)
  to   space 1024K, 0% used [0x00000000ead80000,0x00000000ead80000,0x00000000eae80000)
 ParOldGen       total 648192K, used 648004K [0x00000000c0000000, 0x00000000e7900000, 0x00000000eab00000)
  object space 648192K, 99% used [0x00000000c0000000,0x00000000e78d1020,0x00000000e7900000)
 Metaspace       used 103695K, committed 105536K, reserved 1179648K
  class space    used 9610K, committed 10496K, reserved 1048576K
}
Event: 114781.342 GC heap before
{Heap before GC invocations=28741 (full 104):
 PSYoungGen      total 3072K, used 2784K [0x00000000eab00000, 0x00000000eaf80000, 0x0000000100000000)
  eden space 2048K, 100% used [0x00000000eab00000,0x00000000ead00000,0x00000000ead00000)
  from space 1024K, 71% used [0x00000000eae80000,0x00000000eaf38000,0x00000000eaf80000)
  to   space 1024K, 0% used [0x00000000ead80000,0x00000000ead80000,0x00000000eae80000)
 ParOldGen       total 648192K, used 648004K [0x00000000c0000000, 0x00000000e7900000, 0x00000000eab00000)
  object space 648192K, 99% used [0x00000000c0000000,0x00000000e78d1020,0x00000000e7900000)
 Metaspace       used 103695K, committed 105536K, reserved 1179648K
  class space    used 9610K, committed 10496K, reserved 1048576K
}
Event: 114781.344 GC heap after
{Heap after GC invocations=28741 (full 104):
 PSYoungGen      total 3584K, used 448K [0x00000000eab00000, 0x00000000eaf80000, 0x0000000100000000)
  eden space 2560K, 0% used [0x00000000eab00000,0x00000000eab00000,0x00000000ead80000)
  from space 1024K, 43% used [0x00000000ead80000,0x00000000eadf0000,0x00000000eae80000)
  to   space 1024K, 0% used [0x00000000eae80000,0x00000000eae80000,0x00000000eaf80000)
 ParOldGen       total 648704K, used 648567K [0x00000000c0000000, 0x00000000e7980000, 0x00000000eab00000)
  object space 648704K, 99% used [0x00000000c0000000,0x00000000e795dcf8,0x00000000e7980000)
 Metaspace       used 103695K, committed 105536K, reserved 1179648K
  class space    used 9610K, committed 10496K, reserved 1048576K
}
Event: 114781.348 GC heap before
{Heap before GC invocations=28742 (full 104):
 PSYoungGen      total 3584K, used 3008K [0x00000000eab00000, 0x00000000eaf80000, 0x0000000100000000)
  eden space 2560K, 100% used [0x00000000eab00000,0x00000000ead80000,0x00000000ead80000)
  from space 1024K, 43% used [0x00000000ead80000,0x00000000eadf0000,0x00000000eae80000)
  to   space 1024K, 0% used [0x00000000eae80000,0x00000000eae80000,0x00000000eaf80000)
 ParOldGen       total 648704K, used 648567K [0x00000000c0000000, 0x00000000e7980000, 0x00000000eab00000)
  object space 648704K, 99% used [0x00000000c0000000,0x00000000e795dcf8,0x00000000e7980000)
 Metaspace       used 103695K, committed 105536K, reserved 1179648K
  class space    used 9610K, committed 10496K, reserved 1048576K
}
Event: 114781.350 GC heap after
{Heap after GC invocations=28742 (full 104):
 PSYoungGen      total 3584K, used 448K [0x00000000eab00000, 0x00000000eaf00000, 0x0000000100000000)
  eden space 3072K, 0% used [0x00000000eab00000,0x00000000eab00000,0x00000000eae00000)
  from space 512K, 87% used [0x00000000eae80000,0x00000000eaef0020,0x00000000eaf00000)
  to   space 512K, 0% used [0x00000000eae00000,0x00000000eae00000,0x00000000eae80000)
 ParOldGen       total 649216K, used 648733K [0x00000000c0000000, 0x00000000e7a00000, 0x00000000eab00000)
  object space 649216K, 99% used [0x00000000c0000000,0x00000000e7987720,0x00000000e7a00000)
 Metaspace       used 103695K, committed 105536K, reserved 1179648K
  class space    used 9610K, committed 10496K, reserved 1048576K
}
Event: 114781.409 GC heap before
{Heap before GC invocations=28743 (full 104):
 PSYoungGen      total 3584K, used 3517K [0x00000000eab00000, 0x00000000eaf00000, 0x0000000100000000)
  eden space 3072K, 99% used [0x00000000eab00000,0x00000000eadff718,0x00000000eae00000)
  from space 512K, 87% used [0x00000000eae80000,0x00000000eaef0020,0x00000000eaf00000)
  to   space 512K, 0% used [0x00000000eae00000,0x00000000eae00000,0x00000000eae80000)
 ParOldGen       total 649216K, used 648733K [0x00000000c0000000, 0x00000000e7a00000, 0x00000000eab00000)
  object space 649216K, 99% used [0x00000000c0000000,0x00000000e7987720,0x00000000e7a00000)
 Metaspace       used 103696K, committed 105536K, reserved 1179648K
  class space    used 9610K, committed 10496K, reserved 1048576K
}
Event: 114781.412 GC heap after
{Heap after GC invocations=28743 (full 104):
 PSYoungGen      total 3584K, used 502K [0x00000000eab00000, 0x00000000eaf00000, 0x0000000100000000)
  eden space 3072K, 0% used [0x00000000eab00000,0x00000000eab00000,0x00000000eae00000)
  from space 512K, 98% used [0x00000000eae00000,0x00000000eae7dba8,0x00000000eae80000)
  to   space 512K, 0% used [0x00000000eae80000,0x00000000eae80000,0x00000000eaf00000)
 ParOldGen       total 649728K, used 649306K [0x00000000c0000000, 0x00000000e7a80000, 0x00000000eab00000)
  object space 649728K, 99% used [0x00000000c0000000,0x00000000e7a16ad8,0x00000000e7a80000)
 Metaspace       used 103696K, committed 105536K, reserved 1179648K
  class space    used 9610K, committed 10496K, reserved 1048576K
}
Event: 114781.475 GC heap before
{Heap before GC invocations=28744 (full 104):
 PSYoungGen      total 3584K, used 3574K [0x00000000eab00000, 0x00000000eaf00000, 0x0000000100000000)
  eden space 3072K, 100% used [0x00000000eab00000,0x00000000eae00000,0x00000000eae00000)
  from space 512K, 98% used [0x00000000eae00000,0x00000000eae7dba8,0x00000000eae80000)
  to   space 512K, 0% used [0x00000000eae80000,0x00000000eae80000,0x00000000eaf00000)
 ParOldGen       total 649728K, used 649306K [0x00000000c0000000, 0x00000000e7a80000, 0x00000000eab00000)
  object space 649728K, 99% used [0x00000000c0000000,0x00000000e7a16ad8,0x00000000e7a80000)
 Metaspace       used 103721K, committed 105536K, reserved 1179648K
  class space    used 9611K, committed 10496K, reserved 1048576K
}
Event: 114781.478 GC heap after
{Heap after GC invocations=28744 (full 104):
 PSYoungGen      total 3584K, used 489K [0x00000000eab00000, 0x00000000eaf00000, 0x0000000100000000)
  eden space 3072K, 0% used [0x00000000eab00000,0x00000000eab00000,0x00000000eae00000)
  from space 512K, 95% used [0x00000000eae80000,0x00000000eaefa738,0x00000000eaf00000)
  to   space 512K, 0% used [0x00000000eae00000,0x00000000eae00000,0x00000000eae80000)
 ParOldGen       total 650240K, used 650027K [0x00000000c0000000, 0x00000000e7b00000, 0x00000000eab00000)
  object space 650240K, 99% used [0x00000000c0000000,0x00000000e7acaea8,0x00000000e7b00000)
 Metaspace       used 103721K, committed 105536K, reserved 1179648K
  class space    used 9611K, committed 10496K, reserved 1048576K
}
Event: 114781.492 GC heap before
{Heap before GC invocations=28745 (full 104):
 PSYoungGen      total 3584K, used 3561K [0x00000000eab00000, 0x00000000eaf00000, 0x0000000100000000)
  eden space 3072K, 100% used [0x00000000eab00000,0x00000000eae00000,0x00000000eae00000)
  from space 512K, 95% used [0x00000000eae80000,0x00000000eaefa738,0x00000000eaf00000)
  to   space 512K, 0% used [0x00000000eae00000,0x00000000eae00000,0x00000000eae80000)
 ParOldGen       total 650240K, used 650027K [0x00000000c0000000, 0x00000000e7b00000, 0x00000000eab00000)
  object space 650240K, 99% used [0x00000000c0000000,0x00000000e7acaea8,0x00000000e7b00000)
 Metaspace       used 103721K, committed 105536K, reserved 1179648K
  class space    used 9611K, committed 10496K, reserved 1048576K
}
Event: 114781.495 GC heap after
{Heap after GC invocations=28745 (full 104):
 PSYoungGen      total 3584K, used 512K [0x00000000eab00000, 0x00000000eb100000, 0x0000000100000000)
  eden space 3072K, 0% used [0x00000000eab00000,0x00000000eab00000,0x00000000eae00000)
  from space 512K, 100% used [0x00000000eae00000,0x00000000eae80000,0x00000000eae80000)
  to   space 1536K, 0% used [0x00000000eaf80000,0x00000000eaf80000,0x00000000eb100000)
 ParOldGen       total 651264K, used 650883K [0x00000000c0000000, 0x00000000e7c00000, 0x00000000eab00000)
  object space 651264K, 99% used [0x00000000c0000000,0x00000000e7ba0e50,0x00000000e7c00000)
 Metaspace       used 103721K, committed 105536K, reserved 1179648K
  class space    used 9611K, committed 10496K, reserved 1048576K
}

